->23:58:30 (null)
Debug [083] str_to_time: 23:58:30 => 1366315110 Thu Apr 18 23:58:30 2013

Debug [053] push_timer: pushing int sec:(0) nsec:(0)
Debug [054] push_timer: pushing val sec:(1366315110) nsec:(0)
Debug [084] push_timer_from_row: duration: (00:03:54) time: (23:58:30)

Debug [069] push_timer_from_row: Signal not default
Debug [023] push_timer_from_string: ->23:59:00 (null)
Debug [083] str_to_time: 23:59:00 => 1366315140 Thu Apr 18 23:59:00 2013

Debug [053] push_timer: pushing int sec:(0) nsec:(0)
Debug [054] push_timer: pushing val sec:(1366315140) nsec:(0)
Debug [084] push_timer_from_row: duration: (00:02:58) time: (23:59:00)

Debug [083] str_to_time: 0:0:0 => 1366228800 Thu Apr 18 00:00:00 2013

Debug [053] push_timer: pushing int sec:(0) nsec:(0)
Debug [054] push_timer: pushing val sec:(1366315200) nsec:(0)
Debug [202] main_loop: FETCHED Real-time signal 0 SIGNAL(34)
Debug [151] fork_exec: forc_exec [32m/home/arseni/Documents/p/bell/daemon/ringer 10[0m
->23:58:30 (null)
Debug [083] str_to_time: 23:58:30 => 1366315110 Thu Apr 18 23:58:30 2013

Debug [053] push_timer: pushing int sec:(0) nsec:(0)
Debug [054] push_timer: pushing val sec:(1366315110) nsec:(0)
Debug [084] push_timer_from_row: duration: (00:03:54) time: (23:58:30)

Debug [069] push_timer_from_row: Signal not default
Debug [023] push_timer_from_string: ->23:59:00 (null)
Debug [083] str_to_time: 23:59:00 => 1366315140 Thu Apr 18 23:59:00 2013

Debug [053] push_timer: pushing int sec:(0) nsec:(0)
Debug [054] push_timer: pushing val sec:(1366315140) nsec:(0)
Debug [084] push_timer_from_row: duration: (00:02:58) time: (23:59:00)

Debug [083] str_to_time: 0:0:0 => 1366228800 Thu Apr 18 00:00:00 2013

Debug [053] push_timer: pushing int sec:(0) nsec:(0)
Debug [054] push_timer: pushing val sec:(1366315200) nsec:(0)
Debug [202] main_loop: FETCHED Real-time signal 0 SIGNAL(34)
Debug [151] fork_exec: forc_exec [32m/home/arseni/Documents/p/bell/daemon/ringer 10[0m
Debug [202] main_loop: FETCHED Child exited SIGNAL(17)
Debug [202] main_loop: FETCHED User defined signal 1 SIGNAL(10)
Debug [151] fork_exec: forc_exec [32m/home/arseni/Documents/p/bell/daemon/ringer 00:00:07[0m
